SF:tests/python/pricing_engine.py
DA:3,1
DA:5,1
DA:6,1
DA:8,1
DA:14,1
DA:15,1
DA:16,1
DA:17,1
DA:18,1
DA:19,1
DA:22,1
DA:23,1
DA:24,1
DA:25,1
DA:26,1
DA:29,1
DA:30,1
DA:31,1
DA:32,1
DA:33,1
DA:34,1
DA:35,1
DA:37,1
DA:38,1
DA:39,1
DA:42,1
DA:45,1
DA:46,1
DA:47,1
DA:48,1
DA:49,0
DA:50,0
DA:51,0
DA:52,0
DA:53,0
DA:54,0
DA:55,0
DA:56,0
DA:57,0
DA:58,0
DA:59,0
DA:60,0
DA:63,0
DA:66,0
DA:69,1
DA:70,1
DA:71,1
DA:72,1
DA:73,1
DA:74,1
DA:75,1
DA:76,1
DA:77,1
DA:79,1
DA:80,1
DA:81,1
DA:82,1
DA:85,1
DA:86,0
DA:87,0
DA:88,0
DA:89,0
DA:90,0
DA:91,0
DA:94,1
DA:95,0
DA:96,0
LF:67
LH:45
FN:38,39,Quote.total
FNDA:1,Quote.total
FN:42,66,quote_price
FNDA:1,quote_price
FN:69,82,apply_promotions
FNDA:1,apply_promotions
FN:85,91,shipping_band
FNDA:0,shipping_band
FN:94,96,coupon_value
FNDA:0,coupon_value
FNF:5
FNH:3
end_of_record
