SF:tests/scripts/run_conformance.py
DA:11,1
DA:13,1
DA:14,1
DA:15,1
DA:16,1
DA:17,1
DA:18,1
DA:19,1
DA:20,1
DA:22,1
DA:24,1
DA:26,1
DA:27,1
DA:28,1
DA:29,1
DA:35,1
DA:38,1
DA:39,1
DA:40,1
DA:41,1
DA:42,1
DA:43,1
DA:46,1
DA:47,1
DA:48,0
DA:49,1
DA:52,1
DA:53,1
DA:54,1
DA:55,1
DA:56,1
DA:57,0
DA:58,1
DA:66,1
DA:69,1
DA:75,1
DA:76,0
DA:77,1
DA:78,1
DA:79,1
DA:80,0
DA:81,1
DA:82,1
DA:83,1
DA:84,1
DA:87,1
DA:92,1
DA:93,1
DA:100,1
DA:105,1
DA:108,1
DA:109,1
DA:110,1
DA:111,1
DA:112,1
DA:113,1
DA:114,1
DA:117,1
DA:118,1
DA:119,1
DA:120,1
DA:121,1
DA:122,1
DA:126,1
DA:127,1
DA:137,1
DA:138,0
DA:141,0
DA:144,1
DA:152,0
DA:169,0
DA:170,0
DA:171,0
DA:174,0
DA:175,0
DA:176,0
DA:177,0
DA:178,0
DA:181,1
DA:182,0
DA:183,0
DA:184,0
DA:185,0
DA:192,1
DA:193,0
DA:194,0
DA:195,0
DA:196,0
DA:197,0
DA:198,0
DA:199,0
DA:201,0
DA:202,0
DA:203,0
DA:205,0
DA:212,0
DA:213,0
DA:214,0
DA:215,0
DA:216,0
DA:217,0
DA:218,0
DA:225,0
DA:226,0
DA:227,0
DA:232,0
DA:243,0
DA:244,0
DA:249,0
DA:250,0
DA:252,0
DA:253,0
DA:254,0
DA:255,0
DA:256,0
DA:259,1
DA:260,0
LF:117
LH:66
FN:46,49,line_numbers
FNDA:1,line_numbers
FN:52,66,parse_findings
FNDA:1,parse_findings
FN:69,84,matches
FNDA:1,matches
FN:87,105,evaluate
FNDA:1,evaluate
FN:108,114,load_severities
FNDA:1,load_severities
FN:117,134,prompt_for
FNDA:1,prompt_for
FN:137,141,claude_version
FNDA:0,claude_version
FN:144,178,invoke_claude
FNDA:0,invoke_claude
FN:181,189,select_fixtures
FNDA:0,select_fixtures
FN:192,256,main
FNDA:0,main
FNF:10
FNH:6
end_of_record
SF:tests/scripts/sync_generated.py
DA:11,1
DA:13,1
DA:14,1
DA:15,1
DA:16,1
DA:18,1
DA:20,1
DA:21,1
DA:22,1
DA:23,1
DA:24,1
DA:25,1
DA:27,1
DA:28,1
DA:29,1
DA:30,1
DA:31,1
DA:37,1
DA:38,0
DA:39,0
DA:42,1
DA:43,1
DA:44,1
DA:45,1
DA:48,1
DA:49,1
DA:53,1
DA:59,1
DA:62,1
DA:63,1
DA:67,1
DA:72,1
DA:75,1
DA:76,0
DA:77,0
DA:78,0
DA:79,0
DA:80,0
DA:81,0
DA:82,0
DA:83,0
DA:85,0
DA:86,0
DA:87,0
DA:88,0
DA:89,0
DA:90,0
DA:91,0
DA:95,0
DA:102,0
DA:103,0
DA:111,0
DA:112,0
DA:113,0
DA:114,0
DA:116,0
DA:117,0
DA:126,0
DA:129,1
DA:130,0
DA:133,0
DA:134,0
DA:135,0
DA:136,0
DA:142,1
DA:145,0
DA:146,0
DA:147,0
DA:148,0
DA:149,0
DA:150,0
DA:151,0
DA:152,0
DA:153,0
DA:154,0
DA:155,0
DA:156,0
DA:159,1
DA:160,0
DA:161,0
DA:162,0
DA:163,0
DA:164,0
DA:165,0
DA:166,0
DA:167,0
DA:168,0
DA:169,0
DA:170,0
DA:171,0
DA:172,0
DA:175,1
DA:176,0
DA:177,0
DA:178,0
DA:180,0
DA:181,0
DA:185,0
DA:186,0
DA:187,0
DA:188,0
DA:189,0
DA:190,0
DA:192,0
DA:193,0
DA:194,0
DA:195,0
DA:204,0
DA:205,0
DA:208,1
DA:209,0
LF:111
LH:36
FN:37,39,load_languages
FNDA:0,load_languages
FN:42,45,patterns
FNDA:1,patterns
FN:48,59,skill_table
FNDA:1,skill_table
FN:62,72,readme_table
FNDA:1,readme_table
FN:75,126,coverage_document
FNDA:0,coverage_document
FN:129,139,coverage_summary
FNDA:0,coverage_summary
FN:142,156,replace_block
FNDA:0,replace_block
FN:159,172,replace_generated
FNDA:0,replace_generated
FN:175,205,main
FNDA:0,main
FNF:9
FNH:3
end_of_record
SF:tests/scripts/validate_structure.py
DA:11,1
DA:13,1
DA:14,1
DA:15,1
DA:16,1
DA:17,1
DA:18,1
DA:19,1
DA:21,1
DA:23,1
DA:24,1
DA:25,1
DA:26,1
DA:27,1
DA:28,1
DA:29,1
DA:33,1
DA:34,1
DA:35,1
DA:43,1
DA:44,1
DA:47,1
DA:48,1
DA:49,1
DA:50,1
DA:51,1
DA:54,1
DA:55,1
DA:56,1
DA:59,1
DA:60,0
DA:61,0
DA:64,1
DA:65,1
DA:68,1
DA:70,1
DA:71,1
DA:72,1
DA:73,1
DA:74,1
DA:75,1
DA:76,1
DA:77,1
DA:78,1
DA:79,1
DA:80,1
DA:81,1
DA:84,1
DA:85,1
DA:86,1
DA:89,1
DA:92,1
DA:93,1
DA:96,1
DA:98,1
DA:99,1
DA:100,1
DA:101,1
DA:102,1
DA:103,1
DA:106,1
DA:109,1
DA:110,1
DA:111,1
DA:117,1
DA:118,1
DA:119,1
DA:122,1
DA:128,1
DA:130,1
DA:131,1
DA:134,1
DA:136,1
DA:137,1
DA:138,1
DA:139,1
DA:140,1
DA:141,1
DA:142,1
DA:143,1
DA:144,1
DA:145,1
DA:148,1
DA:150,1
DA:151,1
DA:152,1
DA:153,1
DA:154,1
DA:155,1
DA:156,0
DA:157,1
DA:160,1
DA:161,1
DA:162,1
DA:169,1
DA:170,1
DA:171,1
DA:172,1
DA:173,0
DA:174,1
DA:179,1
DA:188,1
DA:189,1
DA:190,1
DA:193,1
DA:194,1
DA:195,1
DA:196,1
DA:197,0
DA:198,0
DA:199,1
DA:200,1
DA:201,1
DA:202,0
DA:203,0
DA:204,0
DA:205,1
DA:206,1
DA:207,0
DA:208,1
DA:211,0
DA:212,1
DA:213,0
DA:214,1
DA:215,0
DA:216,1
DA:217,1
DA:218,0
DA:220,1
DA:222,1
DA:223,1
DA:224,0
DA:227,1
DA:228,1
DA:229,1
DA:230,1
DA:231,1
DA:232,1
DA:233,1
DA:234,1
DA:235,1
DA:236,1
DA:237,1
DA:238,1
DA:239,1
DA:240,0
DA:243,1
DA:244,0
DA:245,0
DA:246,1
DA:247,1
DA:248,0
DA:250,1
DA:251,1
DA:254,1
DA:255,1
DA:256,1
DA:257,1
DA:260,1
DA:266,1
DA:267,1
DA:268,1
DA:269,1
DA:270,1
DA:273,1
DA:274,1
DA:275,0
DA:276,1
DA:281,1
DA:287,1
DA:288,1
DA:291,1
DA:298,1
DA:299,1
DA:300,1
DA:304,1
DA:305,1
DA:306,1
DA:307,1
DA:308,1
DA:311,1
DA:313,1
DA:314,1
DA:315,1
DA:316,1
DA:317,1
DA:318,1
DA:319,1
DA:320,1
DA:321,1
DA:322,1
DA:323,1
DA:324,1
DA:325,1
DA:326,1
DA:329,1
DA:331,1
DA:334,1
DA:335,1
DA:336,1
DA:343,1
DA:344,1
DA:345,1
DA:346,1
DA:349,1
DA:351,1
DA:352,1
DA:353,1
DA:356,1
DA:359,1
DA:360,1
DA:361,1
DA:362,1
DA:363,1
DA:364,0
DA:367,1
DA:370,1
DA:371,1
DA:372,1
DA:373,1
DA:374,0
DA:375,1
DA:376,1
DA:377,1
DA:378,1
DA:379,1
DA:382,1
DA:385,1
DA:386,1
DA:387,1
DA:388,1
DA:389,1
DA:390,1
DA:393,1
DA:401,1
DA:402,1
DA:403,1
DA:404,1
DA:405,1
DA:406,1
DA:407,1
DA:410,1
DA:411,1
DA:412,1
DA:413,1
DA:416,1
DA:429,1
DA:430,1
DA:431,1
DA:432,1
DA:433,1
DA:434,1
DA:435,1
DA:436,1
DA:437,1
DA:438,1
DA:447,1
DA:448,1
DA:449,1
DA:450,1
DA:451,1
DA:452,1
DA:455,1
DA:458,1
DA:459,1
DA:460,1
DA:461,1
DA:462,1
DA:465,1
DA:466,1
DA:467,1
DA:470,1
DA:471,1
DA:472,1
DA:473,1
DA:474,0
DA:475,1
DA:478,1
DA:479,1
DA:480,1
DA:481,1
DA:482,1
DA:485,1
DA:486,1
DA:487,1
DA:488,1
DA:489,1
DA:490,1
DA:493,1
DA:497,1
DA:498,1
DA:499,1
DA:500,1
DA:501,1
DA:502,1
DA:503,1
DA:506,1
DA:510,1
DA:511,1
DA:512,1
DA:513,1
DA:514,1
DA:515,1
DA:516,1
DA:519,1
DA:529,1
DA:530,1
DA:531,1
DA:532,1
DA:540,1
DA:541,1
DA:542,1
DA:543,1
DA:546,1
DA:552,1
DA:553,1
DA:554,1
DA:555,0
DA:556,1
DA:557,0
DA:558,0
DA:559,1
DA:560,1
DA:561,1
DA:562,1
DA:563,0
DA:564,1
DA:565,1
DA:566,1
DA:567,0
DA:568,1
DA:577,1
DA:580,1
DA:581,1
DA:587,1
DA:588,1
DA:595,1
DA:596,1
DA:597,1
DA:598,1
DA:599,1
DA:602,1
DA:605,1
DA:606,1
DA:607,1
DA:608,1
DA:609,1
DA:610,1
DA:611,1
DA:612,1
DA:613,1
DA:614,1
DA:617,1
DA:618,1
DA:619,1
DA:626,1
DA:627,0
DA:629,1
DA:632,1
DA:634,1
DA:635,1
DA:636,1
DA:637,1
DA:638,1
DA:639,1
DA:640,1
DA:641,1
DA:642,1
DA:643,1
DA:645,1
DA:646,1
DA:647,1
DA:648,1
DA:649,0
DA:651,1
DA:652,1
DA:655,1
DA:656,0
DA:659,1
DA:660,0
LF:380
LH:348
FN:54,56,error
FNDA:1,error
FN:59,61,warn
FNDA:0,warn
FN:64,65,ok
FNDA:1,ok
FN:68,81,language_entry_problems
FNDA:1,language_entry_problems
FN:84,89,detection_examples
FNDA:1,detection_examples
FN:92,93,languages_matching
FNDA:1,languages_matching
FN:96,106,detection_ambiguities
FNDA:1,detection_ambiguities
FN:109,114,unregistered_references
FNDA:1,unregistered_references
FN:117,125,unregistered_test_dirs
FNDA:1,unregistered_test_dirs
FN:128,131,report
FNDA:1,report
FN:134,145,registry_languages
FNDA:1,registry_languages
FN:148,157,register_language
FNDA:1,register_language
FN:160,166,duplicate_ids
FNDA:1,duplicate_ids
FN:169,190,load_registry
FNDA:1,load_registry
FN:193,224,validate_skill
FNDA:1,validate_skill
FN:227,251,load_catalog
FNDA:1,load_catalog
FN:254,257,source_matches
FNDA:1,source_matches
FN:260,270,location_parts
FNDA:1,location_parts
FN:273,278,location_in_source
FNDA:1,location_in_source
FN:281,288,covers_source
FNDA:1,covers_source
FN:291,308,non_code_parts
FNDA:1,non_code_parts
FN:298,302,non_code_parts.is_code
FNDA:1,non_code_parts.is_code
FN:311,326,table_first_column
FNDA:1,table_first_column
FN:329,331,decision_categories
FNDA:1,decision_categories
FN:334,340,missing_headings
FNDA:1,missing_headings
FN:343,346,missing_categories
FNDA:1,missing_categories
FN:349,353,profile_gaps
FNDA:1,profile_gaps
FN:356,367,scoring_profile_problems
FNDA:1,scoring_profile_problems
FN:370,379,validate_scoring_profiles
FNDA:1,validate_scoring_profiles
FN:382,390,location_problem
FNDA:1,location_problem
FN:393,413,single_expectation_problems
FNDA:1,single_expectation_problems
FN:416,452,expectation_problems
FNDA:1,expectation_problems
FN:455,467,fixture_header_problems
FNDA:1,fixture_header_problems
FN:470,475,coverage_evidence_problem
FNDA:1,coverage_evidence_problem
FN:478,482,fixture_coverage_problem
FNDA:1,fixture_coverage_problem
FN:485,490,load_fixture
FNDA:1,load_fixture
FN:493,503,fixture_fatal_problem
FNDA:1,fixture_fatal_problem
FN:506,516,expectation_lists
FNDA:1,expectation_lists
FN:519,543,check_expectations
FNDA:1,check_expectations
FN:546,577,validate_fixture
FNDA:1,validate_fixture
FN:580,584,legacy_expected_files
FNDA:1,legacy_expected_files
FN:587,592,missing_fixture_dirs
FNDA:1,missing_fixture_dirs
FN:595,599,uncovered_rules
FNDA:1,uncovered_rules
FN:602,614,validate_fixtures
FNDA:1,validate_fixtures
FN:617,629,validate_generated
FNDA:1,validate_generated
FN:632,652,run
FNDA:1,run
FN:655,656,main
FNDA:0,main
FNF:47
FNH:45
end_of_record
